0 info it worked if it ends with ok
1 verbose cli [ 'C:\\Program Files\\nodejs\\node.exe',
1 verbose cli   'C:\\Program Files\\nodejs\\node_modules\\npm\\bin\\npm-cli.js',
1 verbose cli   'install',
1 verbose cli   'node-expat' ]
2 info using npm@2.14.12
3 info using node@v4.2.4
4 verbose install initial load of c:\Users\fcatae\package.json
5 verbose installManyTop reading scoped package data from c:\Users\fcatae\node_modules\cheerio\package.json
6 verbose installManyTop reading scoped package data from c:\Users\fcatae\node_modules\express\package.json
7 verbose installManyTop reading scoped package data from c:\Users\fcatae\node_modules\gulp\package.json
8 verbose installManyTop reading scoped package data from c:\Users\fcatae\node_modules\gulp-jshint\package.json
9 verbose installManyTop reading scoped package data from c:\Users\fcatae\node_modules\request\package.json
10 verbose installManyTop reading scoped package data from c:\Users\fcatae\node_modules\selenium-webdriver\package.json
11 verbose installManyTop reading scoped package data from c:\Users\fcatae\node_modules\typescript\package.json
12 verbose installManyTop reading scoped package data from c:\Users\fcatae\node_modules\webdriverio\package.json
13 info package.json webdriverio@3.4.0 No license field.
14 info package.json typescript@1.5.0-beta No license field.
15 verbose readDependencies loading dependencies from c:\Users\fcatae\package.json
16 silly cache add args [ 'node-expat', null ]
17 verbose cache add spec node-expat
18 silly cache add parsed spec Result {
18 silly cache add   raw: 'node-expat',
18 silly cache add   scope: null,
18 silly cache add   name: 'node-expat',
18 silly cache add   rawSpec: '',
18 silly cache add   spec: 'latest',
18 silly cache add   type: 'tag' }
19 silly addNamed node-expat@latest
20 verbose addNamed "latest" is being treated as a dist-tag for node-expat
21 info addNameTag [ 'node-expat', 'latest' ]
22 silly mapToRegistry name node-expat
23 silly mapToRegistry using default registry
24 silly mapToRegistry registry https://registry.npmjs.org/
25 silly mapToRegistry uri https://registry.npmjs.org/node-expat
26 verbose addNameTag registry:https://registry.npmjs.org/node-expat not in flight; fetching
27 verbose request uri https://registry.npmjs.org/node-expat
28 verbose request no auth needed
29 info attempt registry request try #1 at 2:52:27 AM
30 verbose request id 98ed26b7e8b13e13
31 verbose etag "ECSRP2PN6HQ5UDHQ55WSC9FXJ"
32 http request GET https://registry.npmjs.org/node-expat
33 http 304 https://registry.npmjs.org/node-expat
34 verbose headers { date: 'Thu, 31 Dec 2015 04:52:30 GMT',
34 verbose headers   via: '1.1 varnish',
34 verbose headers   'cache-control': 'max-age=300',
34 verbose headers   etag: '"ECSRP2PN6HQ5UDHQ55WSC9FXJ"',
34 verbose headers   age: '11',
34 verbose headers   connection: 'keep-alive',
34 verbose headers   'x-served-by': 'cache-iad2139-IAD',
34 verbose headers   'x-cache': 'HIT',
34 verbose headers   'x-cache-hits': '1',
34 verbose headers   'x-timer': 'S1451537550.891587,VS0,VE0',
34 verbose headers   vary: 'Accept' }
35 silly get cb [ 304,
35 silly get   { date: 'Thu, 31 Dec 2015 04:52:30 GMT',
35 silly get     via: '1.1 varnish',
35 silly get     'cache-control': 'max-age=300',
35 silly get     etag: '"ECSRP2PN6HQ5UDHQ55WSC9FXJ"',
35 silly get     age: '11',
35 silly get     connection: 'keep-alive',
35 silly get     'x-served-by': 'cache-iad2139-IAD',
35 silly get     'x-cache': 'HIT',
35 silly get     'x-cache-hits': '1',
35 silly get     'x-timer': 'S1451537550.891587,VS0,VE0',
35 silly get     vary: 'Accept' } ]
36 verbose etag https://registry.npmjs.org/node-expat from cache
37 verbose get saving node-expat to C:\Users\fcatae\AppData\Roaming\npm-cache\registry.npmjs.org\node-expat\.cache.json
38 silly addNameTag next cb for node-expat with tag latest
39 silly addNamed node-expat@2.3.12
40 verbose addNamed "2.3.12" is a plain semver version for node-expat
41 silly cache afterAdd node-expat@2.3.12
42 verbose afterAdd C:\Users\fcatae\AppData\Roaming\npm-cache\node-expat\2.3.12\package\package.json not in flight; writing
43 verbose afterAdd C:\Users\fcatae\AppData\Roaming\npm-cache\node-expat\2.3.12\package\package.json written
44 silly install resolved [ { name: 'node-expat',
44 silly install resolved     version: '2.3.12',
44 silly install resolved     main: './lib/node-expat',
44 silly install resolved     description: 'NodeJS binding for fast XML parsing.',
44 silly install resolved     keywords: [ 'xml', 'sax', 'expat', 'libexpat', 'parse', 'parsing' ],
44 silly install resolved     scripts:
44 silly install resolved      { preversion: 'npm test',
44 silly install resolved        lint: 'standard',
44 silly install resolved        unit: 'vows --spec ./test/**/*.js',
44 silly install resolved        test: 'npm run unit && npm run lint',
44 silly install resolved        install: 'node-gyp rebuild' },
44 silly install resolved     dependencies: { bindings: '^1.2.1', nan: '^2.1.0' },
44 silly install resolved     devDependencies: { debug: '^2.2.0', iconv: '^2.1.10', vows: '^0.8.1' },
44 silly install resolved     repository:
44 silly install resolved      { type: 'git',
44 silly install resolved        url: 'git+https://github.com/node-xmpp/node-expat.git' },
44 silly install resolved     homepage: 'http://github.com/node-xmpp/node-expat',
44 silly install resolved     bugs: { url: 'https://github.com/node-xmpp/node-expat/issues' },
44 silly install resolved     author:
44 silly install resolved      { name: 'Astro',
44 silly install resolved        email: 'astro@spaceboyz.net',
44 silly install resolved        url: 'http://spaceboyz.net/~astro/' },
44 silly install resolved     maintainers: [ [Object], [Object], [Object], [Object] ],
44 silly install resolved     contributors:
44 silly install resolved      [ [Object],
44 silly install resolved        [Object],
44 silly install resolved        [Object],
44 silly install resolved        [Object],
44 silly install resolved        [Object],
44 silly install resolved        [Object],
44 silly install resolved        [Object],
44 silly install resolved        [Object],
44 silly install resolved        [Object],
44 silly install resolved        [Object],
44 silly install resolved        [Object],
44 silly install resolved        [Object],
44 silly install resolved        [Object],
44 silly install resolved        [Object] ],
44 silly install resolved     license: 'MIT',
44 silly install resolved     engines: { node: '>=0.8' },
44 silly install resolved     gypfile: true,
44 silly install resolved     gitHead: '415cb3374ec99e769c82e524d8e97a5687b701b9',
44 silly install resolved     _id: 'node-expat@2.3.12',
44 silly install resolved     _shasum: '7d0047f584265cdcee9ea6d504145d141a90b6bb',
44 silly install resolved     _from: 'node-expat@latest',
44 silly install resolved     _npmVersion: '3.3.12',
44 silly install resolved     _nodeVersion: '5.1.1',
44 silly install resolved     _npmUser: { name: 'sonny', email: 'sonny@fastmail.net' },
44 silly install resolved     dist:
44 silly install resolved      { shasum: '7d0047f584265cdcee9ea6d504145d141a90b6bb',
44 silly install resolved        tarball: 'http://registry.npmjs.org/node-expat/-/node-expat-2.3.12.tgz' },
44 silly install resolved     directories: {},
44 silly install resolved     _resolved: 'https://registry.npmjs.org/node-expat/-/node-expat-2.3.12.tgz',
44 silly install resolved     readme: 'ERROR: No README data found!' } ]
45 info install node-expat@2.3.12 into c:\Users\fcatae
46 info installOne node-expat@2.3.12
47 verbose installOne of node-expat to c:\Users\fcatae not in flight; installing
48 verbose lock using C:\Users\fcatae\AppData\Roaming\npm-cache\_locks\node-expat-d1f1161c4d81f667.lock for c:\Users\fcatae\node_modules\node-expat
49 silly install write writing node-expat 2.3.12 to c:\Users\fcatae\node_modules\node-expat
50 verbose unbuild node_modules\node-expat
51 silly gentlyRm c:\Users\fcatae\node_modules\node-expat is being purged from base c:\Users\fcatae
52 verbose gentlyRm don't care about contents; nuking c:\Users\fcatae\node_modules\node-expat
53 verbose tar unpack C:\Users\fcatae\AppData\Roaming\npm-cache\node-expat\2.3.12\package.tgz
54 verbose tar unpacking to c:\Users\fcatae\node_modules\node-expat
55 silly gentlyRm c:\Users\fcatae\node_modules\node-expat is being purged
56 verbose gentlyRm don't care about contents; nuking c:\Users\fcatae\node_modules\node-expat
57 silly gunzTarPerm modes [ '777', '666' ]
58 silly gunzTarPerm extractEntry package.json
59 silly gunzTarPerm modified mode [ 'package.json', 420, 438 ]
60 silly gunzTarPerm extractEntry README.md
61 silly gunzTarPerm modified mode [ 'README.md', 420, 438 ]
62 silly gunzTarPerm extractEntry LICENSE
63 silly gunzTarPerm modified mode [ 'LICENSE', 420, 438 ]
64 silly gunzTarPerm extractEntry binding.gyp
65 silly gunzTarPerm modified mode [ 'binding.gyp', 420, 438 ]
66 silly gunzTarPerm extractEntry build/Makefile
67 silly gunzTarPerm modified mode [ 'build/Makefile', 420, 438 ]
68 silly gunzTarPerm extractEntry build/Release/.deps/Release/libexpat.a.d
69 silly gunzTarPerm modified mode [ 'build/Release/.deps/Release/libexpat.a.d', 420, 438 ]
70 silly gunzTarPerm extractEntry build/Release/.deps/Release/node_expat.node.d
71 silly gunzTarPerm modified mode [ 'build/Release/.deps/Release/node_expat.node.d', 420, 438 ]
72 silly gunzTarPerm extractEntry build/Release/.deps/Release/obj.target/expat/deps/libexpat/lib/xmlparse.o.d
73 silly gunzTarPerm modified mode [ 'build/Release/.deps/Release/obj.target/expat/deps/libexpat/lib/xmlparse.o.d',
73 silly gunzTarPerm   420,
73 silly gunzTarPerm   438 ]
74 silly gunzTarPerm extractEntry build/Release/.deps/Release/obj.target/expat/deps/libexpat/lib/xmlrole.o.d
75 silly gunzTarPerm modified mode [ 'build/Release/.deps/Release/obj.target/expat/deps/libexpat/lib/xmlrole.o.d',
75 silly gunzTarPerm   420,
75 silly gunzTarPerm   438 ]
76 silly gunzTarPerm extractEntry build/Release/.deps/Release/obj.target/expat/deps/libexpat/lib/xmltok.o.d
77 silly gunzTarPerm modified mode [ 'build/Release/.deps/Release/obj.target/expat/deps/libexpat/lib/xmltok.o.d',
77 silly gunzTarPerm   420,
77 silly gunzTarPerm   438 ]
78 silly gunzTarPerm extractEntry build/Release/.deps/Release/obj.target/node_expat/node-expat.o.d
79 silly gunzTarPerm modified mode [ 'build/Release/.deps/Release/obj.target/node_expat/node-expat.o.d',
79 silly gunzTarPerm   420,
79 silly gunzTarPerm   438 ]
80 silly gunzTarPerm extractEntry build/Release/libexpat.a
81 silly gunzTarPerm modified mode [ 'build/Release/libexpat.a', 420, 438 ]
82 silly gunzTarPerm extractEntry build/Release/node_expat.node
83 silly gunzTarPerm modified mode [ 'build/Release/node_expat.node', 493, 511 ]
84 silly gunzTarPerm extractEntry build/Release/obj.target/expat/deps/libexpat/lib/xmlparse.o
85 silly gunzTarPerm modified mode [ 'build/Release/obj.target/expat/deps/libexpat/lib/xmlparse.o',
85 silly gunzTarPerm   420,
85 silly gunzTarPerm   438 ]
86 silly gunzTarPerm extractEntry build/Release/obj.target/expat/deps/libexpat/lib/xmlrole.o
87 silly gunzTarPerm modified mode [ 'build/Release/obj.target/expat/deps/libexpat/lib/xmlrole.o',
87 silly gunzTarPerm   420,
87 silly gunzTarPerm   438 ]
88 silly gunzTarPerm extractEntry build/Release/obj.target/expat/deps/libexpat/lib/xmltok.o
89 silly gunzTarPerm modified mode [ 'build/Release/obj.target/expat/deps/libexpat/lib/xmltok.o',
89 silly gunzTarPerm   420,
89 silly gunzTarPerm   438 ]
90 silly gunzTarPerm extractEntry build/Release/obj.target/node_expat/node-expat.o
91 silly gunzTarPerm modified mode [ 'build/Release/obj.target/node_expat/node-expat.o', 420, 438 ]
92 silly gunzTarPerm extractEntry build/binding.Makefile
93 silly gunzTarPerm modified mode [ 'build/binding.Makefile', 420, 438 ]
94 silly gunzTarPerm extractEntry build/deps/libexpat/expat.target.mk
95 silly gunzTarPerm modified mode [ 'build/deps/libexpat/expat.target.mk', 420, 438 ]
96 silly gunzTarPerm extractEntry build/deps/libexpat/libexpat.Makefile
97 silly gunzTarPerm modified mode [ 'build/deps/libexpat/libexpat.Makefile', 420, 438 ]
98 silly gunzTarPerm extractEntry build/deps/libexpat/version.target.mk
99 silly gunzTarPerm modified mode [ 'build/deps/libexpat/version.target.mk', 420, 438 ]
100 silly gunzTarPerm extractEntry build/gyp-mac-tool
101 silly gunzTarPerm modified mode [ 'build/gyp-mac-tool', 493, 511 ]
102 silly gunzTarPerm extractEntry build/node_expat.target.mk
103 silly gunzTarPerm modified mode [ 'build/node_expat.target.mk', 420, 438 ]
104 silly gunzTarPerm extractEntry deps/libexpat/README
105 silly gunzTarPerm modified mode [ 'deps/libexpat/README', 420, 438 ]
106 silly gunzTarPerm extractEntry deps/libexpat/doc/expat.png
107 silly gunzTarPerm modified mode [ 'deps/libexpat/doc/expat.png', 420, 438 ]
108 silly gunzTarPerm extractEntry deps/libexpat/doc/reference.html
109 silly gunzTarPerm modified mode [ 'deps/libexpat/doc/reference.html', 420, 438 ]
110 silly gunzTarPerm extractEntry deps/libexpat/doc/style.css
111 silly gunzTarPerm modified mode [ 'deps/libexpat/doc/style.css', 420, 438 ]
112 silly gunzTarPerm extractEntry deps/libexpat/doc/valid-xhtml10.png
113 silly gunzTarPerm modified mode [ 'deps/libexpat/doc/valid-xhtml10.png', 420, 438 ]
114 silly gunzTarPerm extractEntry deps/libexpat/doc/xmlwf.1
115 silly gunzTarPerm modified mode [ 'deps/libexpat/doc/xmlwf.1', 420, 438 ]
116 silly gunzTarPerm extractEntry deps/libexpat/doc/xmlwf.sgml
117 silly gunzTarPerm modified mode [ 'deps/libexpat/doc/xmlwf.sgml', 420, 438 ]
118 silly gunzTarPerm extractEntry deps/libexpat/COPYING
119 silly gunzTarPerm modified mode [ 'deps/libexpat/COPYING', 420, 438 ]
120 silly gunzTarPerm extractEntry deps/libexpat/Changes
121 silly gunzTarPerm modified mode [ 'deps/libexpat/Changes', 420, 438 ]
122 silly gunzTarPerm extractEntry deps/libexpat/ConfigureChecks.cmake
123 silly gunzTarPerm modified mode [ 'deps/libexpat/ConfigureChecks.cmake', 493, 511 ]
124 silly gunzTarPerm extractEntry deps/libexpat/MANIFEST
125 silly gunzTarPerm modified mode [ 'deps/libexpat/MANIFEST', 420, 438 ]
126 silly gunzTarPerm extractEntry deps/libexpat/Makefile.in
127 silly gunzTarPerm modified mode [ 'deps/libexpat/Makefile.in', 420, 438 ]
128 silly gunzTarPerm extractEntry deps/libexpat/CMake.README
129 silly gunzTarPerm modified mode [ 'deps/libexpat/CMake.README', 493, 511 ]
130 silly gunzTarPerm extractEntry deps/libexpat/aclocal.m4
131 silly gunzTarPerm modified mode [ 'deps/libexpat/aclocal.m4', 420, 438 ]
132 silly gunzTarPerm extractEntry deps/libexpat/amiga/expat_68k_handler_stubs.c
133 silly gunzTarPerm modified mode [ 'deps/libexpat/amiga/expat_68k_handler_stubs.c', 493, 511 ]
134 silly gunzTarPerm extractEntry deps/libexpat/amiga/Makefile
135 silly gunzTarPerm modified mode [ 'deps/libexpat/amiga/Makefile', 420, 438 ]
136 silly gunzTarPerm extractEntry deps/libexpat/amiga/expat.xml
137 silly gunzTarPerm modified mode [ 'deps/libexpat/amiga/expat.xml', 420, 438 ]
138 silly gunzTarPerm extractEntry deps/libexpat/amiga/expat_68k.c
139 silly gunzTarPerm modified mode [ 'deps/libexpat/amiga/expat_68k.c', 420, 438 ]
140 silly gunzTarPerm extractEntry deps/libexpat/amiga/expat_68k.h
141 silly gunzTarPerm modified mode [ 'deps/libexpat/amiga/expat_68k.h', 493, 511 ]
142 silly gunzTarPerm extractEntry deps/libexpat/amiga/README.txt
143 silly gunzTarPerm modified mode [ 'deps/libexpat/amiga/README.txt', 420, 438 ]
144 silly gunzTarPerm extractEntry deps/libexpat/amiga/expat_base.h
145 silly gunzTarPerm modified mode [ 'deps/libexpat/amiga/expat_base.h', 420, 438 ]
146 silly gunzTarPerm extractEntry deps/libexpat/amiga/expat_lib.c
147 silly gunzTarPerm modified mode [ 'deps/libexpat/amiga/expat_lib.c', 493, 511 ]
148 silly gunzTarPerm extractEntry deps/libexpat/amiga/expat_vectors.c
149 silly gunzTarPerm modified mode [ 'deps/libexpat/amiga/expat_vectors.c', 420, 438 ]
150 silly gunzTarPerm extractEntry deps/libexpat/amiga/include/inline4/expat.h
151 silly gunzTarPerm modified mode [ 'deps/libexpat/amiga/include/inline4/expat.h', 420, 438 ]
152 silly gunzTarPerm extractEntry deps/libexpat/amiga/include/interfaces/expat.h
153 silly gunzTarPerm modified mode [ 'deps/libexpat/amiga/include/interfaces/expat.h', 420, 438 ]
154 silly gunzTarPerm extractEntry deps/libexpat/amiga/include/libraries/expat.h
155 silly gunzTarPerm modified mode [ 'deps/libexpat/amiga/include/libraries/expat.h', 420, 438 ]
156 silly gunzTarPerm extractEntry deps/libexpat/amiga/include/proto/expat.h
157 silly gunzTarPerm modified mode [ 'deps/libexpat/amiga/include/proto/expat.h', 420, 438 ]
158 silly gunzTarPerm extractEntry deps/libexpat/amiga/launch.c
159 silly gunzTarPerm modified mode [ 'deps/libexpat/amiga/launch.c', 493, 511 ]
160 silly gunzTarPerm extractEntry deps/libexpat/bcb5/expatw.mak
161 silly gunzTarPerm modified mode [ 'deps/libexpat/bcb5/expatw.mak', 420, 438 ]
162 silly gunzTarPerm extractEntry deps/libexpat/bcb5/README.txt
163 silly gunzTarPerm modified mode [ 'deps/libexpat/bcb5/README.txt', 420, 438 ]
164 silly gunzTarPerm extractEntry deps/libexpat/bcb5/elements.bpf
165 silly gunzTarPerm modified mode [ 'deps/libexpat/bcb5/elements.bpf', 420, 438 ]
166 silly gunzTarPerm extractEntry deps/libexpat/bcb5/elements.bpr
167 silly gunzTarPerm modified mode [ 'deps/libexpat/bcb5/elements.bpr', 420, 438 ]
168 silly gunzTarPerm extractEntry deps/libexpat/bcb5/elements.mak
169 silly gunzTarPerm modified mode [ 'deps/libexpat/bcb5/elements.mak', 420, 438 ]
170 silly gunzTarPerm extractEntry deps/libexpat/bcb5/expat.bpf
171 silly gunzTarPerm modified mode [ 'deps/libexpat/bcb5/expat.bpf', 420, 438 ]
172 silly gunzTarPerm extractEntry deps/libexpat/bcb5/expat.bpr
173 silly gunzTarPerm modified mode [ 'deps/libexpat/bcb5/expat.bpr', 420, 438 ]
174 silly gunzTarPerm extractEntry deps/libexpat/bcb5/expat.mak
175 silly gunzTarPerm modified mode [ 'deps/libexpat/bcb5/expat.mak', 420, 438 ]
176 silly gunzTarPerm extractEntry deps/libexpat/bcb5/expat_static.bpf
177 silly gunzTarPerm modified mode [ 'deps/libexpat/bcb5/expat_static.bpf', 420, 438 ]
178 silly gunzTarPerm extractEntry deps/libexpat/bcb5/expat_static.bpr
179 silly gunzTarPerm modified mode [ 'deps/libexpat/bcb5/expat_static.bpr', 420, 438 ]
180 silly gunzTarPerm extractEntry deps/libexpat/bcb5/expat_static.mak
181 silly gunzTarPerm modified mode [ 'deps/libexpat/bcb5/expat_static.mak', 420, 438 ]
182 silly gunzTarPerm extractEntry deps/libexpat/bcb5/expatw.bpf
183 silly gunzTarPerm modified mode [ 'deps/libexpat/bcb5/expatw.bpf', 420, 438 ]
184 silly gunzTarPerm extractEntry deps/libexpat/bcb5/expatw.bpr
185 silly gunzTarPerm modified mode [ 'deps/libexpat/bcb5/expatw.bpr', 420, 438 ]
186 silly gunzTarPerm extractEntry deps/libexpat/bcb5/all_projects.bpg
187 silly gunzTarPerm modified mode [ 'deps/libexpat/bcb5/all_projects.bpg', 420, 438 ]
188 silly gunzTarPerm extractEntry deps/libexpat/bcb5/expatw_static.bpf
189 silly gunzTarPerm modified mode [ 'deps/libexpat/bcb5/expatw_static.bpf', 420, 438 ]
190 silly gunzTarPerm extractEntry deps/libexpat/bcb5/expatw_static.bpr
191 silly gunzTarPerm modified mode [ 'deps/libexpat/bcb5/expatw_static.bpr', 420, 438 ]
192 silly gunzTarPerm extractEntry deps/libexpat/bcb5/expatw_static.mak
193 silly gunzTarPerm modified mode [ 'deps/libexpat/bcb5/expatw_static.mak', 420, 438 ]
194 silly gunzTarPerm extractEntry deps/libexpat/bcb5/libexpat_mtd.def
195 silly gunzTarPerm modified mode [ 'deps/libexpat/bcb5/libexpat_mtd.def', 420, 438 ]
196 silly gunzTarPerm extractEntry deps/libexpat/bcb5/libexpatw_mtd.def
197 silly gunzTarPerm modified mode [ 'deps/libexpat/bcb5/libexpatw_mtd.def', 420, 438 ]
198 silly gunzTarPerm extractEntry deps/libexpat/bcb5/makefile.mak
199 silly gunzTarPerm modified mode [ 'deps/libexpat/bcb5/makefile.mak', 420, 438 ]
200 silly gunzTarPerm extractEntry deps/libexpat/bcb5/outline.bpf
201 silly gunzTarPerm modified mode [ 'deps/libexpat/bcb5/outline.bpf', 420, 438 ]
202 silly gunzTarPerm extractEntry deps/libexpat/bcb5/outline.bpr
203 silly gunzTarPerm modified mode [ 'deps/libexpat/bcb5/outline.bpr', 420, 438 ]
204 silly gunzTarPerm extractEntry deps/libexpat/bcb5/outline.mak
205 silly gunzTarPerm modified mode [ 'deps/libexpat/bcb5/outline.mak', 420, 438 ]
206 silly gunzTarPerm extractEntry deps/libexpat/bcb5/setup.bat
207 silly gunzTarPerm modified mode [ 'deps/libexpat/bcb5/setup.bat', 420, 438 ]
208 silly gunzTarPerm extractEntry deps/libexpat/bcb5/xmlwf.bpf
209 silly gunzTarPerm modified mode [ 'deps/libexpat/bcb5/xmlwf.bpf', 420, 438 ]
210 silly gunzTarPerm extractEntry deps/libexpat/bcb5/xmlwf.bpr
211 silly gunzTarPerm modified mode [ 'deps/libexpat/bcb5/xmlwf.bpr', 420, 438 ]
212 silly gunzTarPerm extractEntry deps/libexpat/bcb5/xmlwf.mak
213 silly gunzTarPerm modified mode [ 'deps/libexpat/bcb5/xmlwf.mak', 420, 438 ]
214 silly gunzTarPerm extractEntry deps/libexpat/configure
215 silly gunzTarPerm modified mode [ 'deps/libexpat/configure', 493, 511 ]
216 silly gunzTarPerm extractEntry deps/libexpat/configure.in
217 silly gunzTarPerm modified mode [ 'deps/libexpat/configure.in', 420, 438 ]
218 silly gunzTarPerm extractEntry deps/libexpat/conftools/PrintPath
219 silly gunzTarPerm modified mode [ 'deps/libexpat/conftools/PrintPath', 493, 511 ]
220 silly gunzTarPerm extractEntry deps/libexpat/conftools/ac_c_bigendian_cross.m4
221 silly gunzTarPerm modified mode [ 'deps/libexpat/conftools/ac_c_bigendian_cross.m4', 420, 438 ]
222 silly gunzTarPerm extractEntry deps/libexpat/conftools/config.guess
223 silly gunzTarPerm modified mode [ 'deps/libexpat/conftools/config.guess', 493, 511 ]
224 silly gunzTarPerm extractEntry deps/libexpat/conftools/config.sub
225 silly gunzTarPerm modified mode [ 'deps/libexpat/conftools/config.sub', 493, 511 ]
226 silly gunzTarPerm extractEntry deps/libexpat/conftools/expat.m4
227 silly gunzTarPerm modified mode [ 'deps/libexpat/conftools/expat.m4', 420, 438 ]
228 silly gunzTarPerm extractEntry deps/libexpat/conftools/get-version.sh
229 silly gunzTarPerm modified mode [ 'deps/libexpat/conftools/get-version.sh', 493, 511 ]
230 silly gunzTarPerm extractEntry deps/libexpat/conftools/install-sh
231 silly gunzTarPerm modified mode [ 'deps/libexpat/conftools/install-sh', 493, 511 ]
232 silly gunzTarPerm extractEntry deps/libexpat/conftools/ltmain.sh
233 silly gunzTarPerm modified mode [ 'deps/libexpat/conftools/ltmain.sh', 493, 511 ]
234 silly gunzTarPerm extractEntry deps/libexpat/conftools/mkinstalldirs
235 silly gunzTarPerm modified mode [ 'deps/libexpat/conftools/mkinstalldirs', 493, 511 ]
236 silly gunzTarPerm extractEntry deps/libexpat/CMakeLists.txt
237 silly gunzTarPerm modified mode [ 'deps/libexpat/CMakeLists.txt', 493, 511 ]
238 silly gunzTarPerm extractEntry deps/libexpat/examples/elements.c
239 silly gunzTarPerm modified mode [ 'deps/libexpat/examples/elements.c', 420, 438 ]
240 silly gunzTarPerm extractEntry deps/libexpat/examples/elements.dsp
241 silly gunzTarPerm modified mode [ 'deps/libexpat/examples/elements.dsp', 420, 438 ]
242 silly gunzTarPerm extractEntry deps/libexpat/examples/outline.c
243 silly gunzTarPerm modified mode [ 'deps/libexpat/examples/outline.c', 420, 438 ]
244 silly gunzTarPerm extractEntry deps/libexpat/examples/outline.dsp
245 silly gunzTarPerm modified mode [ 'deps/libexpat/examples/outline.dsp', 420, 438 ]
246 silly gunzTarPerm extractEntry deps/libexpat/expat.dsw
247 silly gunzTarPerm modified mode [ 'deps/libexpat/expat.dsw', 493, 511 ]
248 silly gunzTarPerm extractEntry deps/libexpat/expat.pc.in
249 silly gunzTarPerm modified mode [ 'deps/libexpat/expat.pc.in', 420, 438 ]
250 silly gunzTarPerm extractEntry deps/libexpat/expat_config.h
251 silly gunzTarPerm modified mode [ 'deps/libexpat/expat_config.h', 420, 438 ]
252 silly gunzTarPerm extractEntry deps/libexpat/expat_config.h.cmake
253 silly gunzTarPerm modified mode [ 'deps/libexpat/expat_config.h.cmake', 493, 511 ]
254 silly gunzTarPerm extractEntry deps/libexpat/expat_config.h.in
255 silly gunzTarPerm modified mode [ 'deps/libexpat/expat_config.h.in', 420, 438 ]
256 silly gunzTarPerm extractEntry deps/libexpat/lib/libexpat.def
257 silly gunzTarPerm modified mode [ 'deps/libexpat/lib/libexpat.def', 420, 438 ]
258 silly gunzTarPerm extractEntry deps/libexpat/lib/Makefile.MPW
259 silly gunzTarPerm modified mode [ 'deps/libexpat/lib/Makefile.MPW', 420, 438 ]
260 silly gunzTarPerm extractEntry deps/libexpat/lib/ascii.h
261 silly gunzTarPerm modified mode [ 'deps/libexpat/lib/ascii.h', 420, 438 ]
262 silly gunzTarPerm extractEntry deps/libexpat/lib/asciitab.h
263 silly gunzTarPerm modified mode [ 'deps/libexpat/lib/asciitab.h', 420, 438 ]
264 silly gunzTarPerm extractEntry deps/libexpat/lib/expat.dsp
265 silly gunzTarPerm modified mode [ 'deps/libexpat/lib/expat.dsp', 420, 438 ]
266 silly gunzTarPerm extractEntry deps/libexpat/lib/expat.h
267 silly gunzTarPerm modified mode [ 'deps/libexpat/lib/expat.h', 420, 438 ]
268 silly gunzTarPerm extractEntry deps/libexpat/lib/expat_external.h
269 silly gunzTarPerm modified mode [ 'deps/libexpat/lib/expat_external.h', 420, 438 ]
270 silly gunzTarPerm extractEntry deps/libexpat/lib/expat_static.dsp
271 silly gunzTarPerm modified mode [ 'deps/libexpat/lib/expat_static.dsp', 420, 438 ]
272 silly gunzTarPerm extractEntry deps/libexpat/lib/expatw.dsp
273 silly gunzTarPerm modified mode [ 'deps/libexpat/lib/expatw.dsp', 420, 438 ]
274 silly gunzTarPerm extractEntry deps/libexpat/lib/expatw_static.dsp
275 silly gunzTarPerm modified mode [ 'deps/libexpat/lib/expatw_static.dsp', 420, 438 ]
276 silly gunzTarPerm extractEntry deps/libexpat/lib/iasciitab.h
277 silly gunzTarPerm modified mode [ 'deps/libexpat/lib/iasciitab.h', 420, 438 ]
278 silly gunzTarPerm extractEntry deps/libexpat/lib/internal.h
279 silly gunzTarPerm modified mode [ 'deps/libexpat/lib/internal.h', 420, 438 ]
280 silly gunzTarPerm extractEntry deps/libexpat/lib/latin1tab.h
281 silly gunzTarPerm modified mode [ 'deps/libexpat/lib/latin1tab.h', 420, 438 ]
282 silly gunzTarPerm extractEntry deps/libexpat/lib/amigaconfig.h
283 silly gunzTarPerm modified mode [ 'deps/libexpat/lib/amigaconfig.h', 420, 438 ]
284 silly gunzTarPerm extractEntry deps/libexpat/lib/libexpatw.def
285 silly gunzTarPerm modified mode [ 'deps/libexpat/lib/libexpatw.def', 420, 438 ]
286 silly gunzTarPerm extractEntry deps/libexpat/lib/macconfig.h
287 silly gunzTarPerm modified mode [ 'deps/libexpat/lib/macconfig.h', 420, 438 ]
288 silly gunzTarPerm extractEntry deps/libexpat/lib/nametab.h
289 silly gunzTarPerm modified mode [ 'deps/libexpat/lib/nametab.h', 420, 438 ]
290 silly gunzTarPerm extractEntry deps/libexpat/lib/utf8tab.h
291 silly gunzTarPerm modified mode [ 'deps/libexpat/lib/utf8tab.h', 420, 438 ]
292 silly gunzTarPerm extractEntry deps/libexpat/lib/winconfig.h
293 silly gunzTarPerm modified mode [ 'deps/libexpat/lib/winconfig.h', 420, 438 ]
294 silly gunzTarPerm extractEntry deps/libexpat/lib/xmlparse.c
295 silly gunzTarPerm modified mode [ 'deps/libexpat/lib/xmlparse.c', 420, 438 ]
296 silly gunzTarPerm extractEntry deps/libexpat/lib/xmlrole.c
297 silly gunzTarPerm modified mode [ 'deps/libexpat/lib/xmlrole.c', 420, 438 ]
298 silly gunzTarPerm extractEntry deps/libexpat/lib/xmlrole.h
299 silly gunzTarPerm modified mode [ 'deps/libexpat/lib/xmlrole.h', 420, 438 ]
300 silly gunzTarPerm extractEntry deps/libexpat/lib/xmltok.c
301 silly gunzTarPerm modified mode [ 'deps/libexpat/lib/xmltok.c', 420, 438 ]
302 silly gunzTarPerm extractEntry deps/libexpat/lib/xmltok.h
303 silly gunzTarPerm modified mode [ 'deps/libexpat/lib/xmltok.h', 420, 438 ]
304 silly gunzTarPerm extractEntry deps/libexpat/lib/xmltok_impl.c
305 silly gunzTarPerm modified mode [ 'deps/libexpat/lib/xmltok_impl.c', 420, 438 ]
306 silly gunzTarPerm extractEntry deps/libexpat/lib/xmltok_impl.h
307 silly gunzTarPerm modified mode [ 'deps/libexpat/lib/xmltok_impl.h', 420, 438 ]
308 silly gunzTarPerm extractEntry deps/libexpat/lib/xmltok_ns.c
309 silly gunzTarPerm modified mode [ 'deps/libexpat/lib/xmltok_ns.c', 420, 438 ]
310 silly gunzTarPerm extractEntry deps/libexpat/libexpat.gyp
311 silly gunzTarPerm modified mode [ 'deps/libexpat/libexpat.gyp', 420, 438 ]
312 silly gunzTarPerm extractEntry deps/libexpat/m4/libtool.m4
313 silly gunzTarPerm modified mode [ 'deps/libexpat/m4/libtool.m4', 420, 438 ]
314 silly gunzTarPerm extractEntry deps/libexpat/m4/ltoptions.m4
315 silly gunzTarPerm modified mode [ 'deps/libexpat/m4/ltoptions.m4', 420, 438 ]
316 silly gunzTarPerm extractEntry deps/libexpat/m4/ltsugar.m4
317 silly gunzTarPerm modified mode [ 'deps/libexpat/m4/ltsugar.m4', 420, 438 ]
318 silly gunzTarPerm extractEntry deps/libexpat/m4/ltversion.m4
319 silly gunzTarPerm modified mode [ 'deps/libexpat/m4/ltversion.m4', 420, 438 ]
320 silly gunzTarPerm extractEntry deps/libexpat/m4/lt~obsolete.m4
321 silly gunzTarPerm modified mode [ 'deps/libexpat/m4/lt~obsolete.m4', 420, 438 ]
322 silly gunzTarPerm extractEntry deps/libexpat/tests/README.txt
323 silly gunzTarPerm modified mode [ 'deps/libexpat/tests/README.txt', 420, 438 ]
324 silly gunzTarPerm extractEntry deps/libexpat/tests/benchmark/README.txt
325 silly gunzTarPerm modified mode [ 'deps/libexpat/tests/benchmark/README.txt', 420, 438 ]
326 silly gunzTarPerm extractEntry deps/libexpat/tests/benchmark/benchmark.c
327 silly gunzTarPerm modified mode [ 'deps/libexpat/tests/benchmark/benchmark.c', 420, 438 ]
328 silly gunzTarPerm extractEntry deps/libexpat/tests/benchmark/benchmark.dsp
329 silly gunzTarPerm modified mode [ 'deps/libexpat/tests/benchmark/benchmark.dsp', 420, 438 ]
330 silly gunzTarPerm extractEntry deps/libexpat/tests/benchmark/benchmark.dsw
331 silly gunzTarPerm modified mode [ 'deps/libexpat/tests/benchmark/benchmark.dsw', 420, 438 ]
332 silly gunzTarPerm extractEntry deps/libexpat/tests/chardata.c
333 silly gunzTarPerm modified mode [ 'deps/libexpat/tests/chardata.c', 420, 438 ]
334 silly gunzTarPerm extractEntry deps/libexpat/tests/chardata.h
335 silly gunzTarPerm modified mode [ 'deps/libexpat/tests/chardata.h', 420, 438 ]
336 silly gunzTarPerm extractEntry deps/libexpat/tests/minicheck.c
337 silly gunzTarPerm modified mode [ 'deps/libexpat/tests/minicheck.c', 420, 438 ]
338 silly gunzTarPerm extractEntry deps/libexpat/tests/minicheck.h
339 silly gunzTarPerm modified mode [ 'deps/libexpat/tests/minicheck.h', 420, 438 ]
340 silly gunzTarPerm extractEntry deps/libexpat/tests/runtests.c
341 silly gunzTarPerm modified mode [ 'deps/libexpat/tests/runtests.c', 420, 438 ]
342 silly gunzTarPerm extractEntry deps/libexpat/tests/runtestspp.cpp
343 silly gunzTarPerm modified mode [ 'deps/libexpat/tests/runtestspp.cpp', 420, 438 ]
344 silly gunzTarPerm extractEntry deps/libexpat/tests/xmltest.sh
345 silly gunzTarPerm modified mode [ 'deps/libexpat/tests/xmltest.sh', 493, 511 ]
346 silly gunzTarPerm extractEntry deps/libexpat/version.c
347 silly gunzTarPerm modified mode [ 'deps/libexpat/version.c', 420, 438 ]
348 silly gunzTarPerm extractEntry deps/libexpat/vms/README.vms
349 silly gunzTarPerm modified mode [ 'deps/libexpat/vms/README.vms', 420, 438 ]
350 silly gunzTarPerm extractEntry deps/libexpat/vms/descrip.mms
351 silly gunzTarPerm modified mode [ 'deps/libexpat/vms/descrip.mms', 420, 438 ]
352 silly gunzTarPerm extractEntry deps/libexpat/vms/expat_config.h
353 silly gunzTarPerm modified mode [ 'deps/libexpat/vms/expat_config.h', 420, 438 ]
354 silly gunzTarPerm extractEntry deps/libexpat/win32/MANIFEST.txt
355 silly gunzTarPerm modified mode [ 'deps/libexpat/win32/MANIFEST.txt', 420, 438 ]
356 silly gunzTarPerm extractEntry deps/libexpat/win32/README.txt
357 silly gunzTarPerm modified mode [ 'deps/libexpat/win32/README.txt', 420, 438 ]
358 silly gunzTarPerm extractEntry deps/libexpat/win32/expat.iss
359 silly gunzTarPerm modified mode [ 'deps/libexpat/win32/expat.iss', 420, 438 ]
360 silly gunzTarPerm extractEntry deps/libexpat/xmlwf/xmlfile.h
361 silly gunzTarPerm modified mode [ 'deps/libexpat/xmlwf/xmlfile.h', 493, 511 ]
362 silly gunzTarPerm extractEntry deps/libexpat/xmlwf/codepage.c
363 silly gunzTarPerm modified mode [ 'deps/libexpat/xmlwf/codepage.c', 493, 511 ]
364 silly gunzTarPerm extractEntry deps/libexpat/xmlwf/ct.c
365 silly gunzTarPerm modified mode [ 'deps/libexpat/xmlwf/ct.c', 493, 511 ]
366 silly gunzTarPerm extractEntry deps/libexpat/xmlwf/filemap.h
367 silly gunzTarPerm modified mode [ 'deps/libexpat/xmlwf/filemap.h', 493, 511 ]
368 silly gunzTarPerm extractEntry deps/libexpat/xmlwf/readfilemap.c
369 silly gunzTarPerm modified mode [ 'deps/libexpat/xmlwf/readfilemap.c', 493, 511 ]
370 silly gunzTarPerm extractEntry deps/libexpat/xmlwf/unixfilemap.c
371 silly gunzTarPerm modified mode [ 'deps/libexpat/xmlwf/unixfilemap.c', 493, 511 ]
372 silly gunzTarPerm extractEntry deps/libexpat/xmlwf/win32filemap.c
373 silly gunzTarPerm modified mode [ 'deps/libexpat/xmlwf/win32filemap.c', 493, 511 ]
374 silly gunzTarPerm extractEntry deps/libexpat/xmlwf/xmlfile.c
375 silly gunzTarPerm modified mode [ 'deps/libexpat/xmlwf/xmlfile.c', 493, 511 ]
376 silly gunzTarPerm extractEntry deps/libexpat/xmlwf/codepage.h
377 silly gunzTarPerm modified mode [ 'deps/libexpat/xmlwf/codepage.h', 493, 511 ]
378 silly gunzTarPerm extractEntry deps/libexpat/xmlwf/xmlmime.c
379 silly gunzTarPerm modified mode [ 'deps/libexpat/xmlwf/xmlmime.c', 493, 511 ]
380 silly gunzTarPerm extractEntry deps/libexpat/xmlwf/xmlmime.h
381 silly gunzTarPerm modified mode [ 'deps/libexpat/xmlwf/xmlmime.h', 493, 511 ]
382 silly gunzTarPerm extractEntry deps/libexpat/xmlwf/xmltchar.h
383 silly gunzTarPerm modified mode [ 'deps/libexpat/xmlwf/xmltchar.h', 493, 511 ]
384 silly gunzTarPerm extractEntry deps/libexpat/xmlwf/xmlurl.h
385 silly gunzTarPerm modified mode [ 'deps/libexpat/xmlwf/xmlurl.h', 493, 511 ]
386 silly gunzTarPerm extractEntry deps/libexpat/xmlwf/xmlwf.c
387 silly gunzTarPerm modified mode [ 'deps/libexpat/xmlwf/xmlwf.c', 493, 511 ]
388 silly gunzTarPerm extractEntry deps/libexpat/xmlwf/xmlwf.dsp
389 silly gunzTarPerm modified mode [ 'deps/libexpat/xmlwf/xmlwf.dsp', 493, 511 ]
390 silly gunzTarPerm extractEntry deps/libexpat/xmlwf/xmlwin32url.cxx
391 silly gunzTarPerm modified mode [ 'deps/libexpat/xmlwf/xmlwin32url.cxx', 493, 511 ]
392 silly gunzTarPerm extractEntry lib/node-expat.js
393 silly gunzTarPerm modified mode [ 'lib/node-expat.js', 420, 438 ]
394 silly gunzTarPerm extractEntry node-expat.cc
395 silly gunzTarPerm modified mode [ 'node-expat.cc', 420, 438 ]
396 verbose write writing to c:\Users\fcatae\node_modules\node-expat\package.json
397 info preinstall node-expat@2.3.12
398 verbose readDependencies loading dependencies from c:\Users\fcatae\node_modules\node-expat\package.json
399 silly prepareForInstallMany adding bindings@^1.2.1 from node-expat dependencies
400 silly prepareForInstallMany adding nan@^2.1.0 from node-expat dependencies
401 verbose readDependencies loading dependencies from c:\Users\fcatae\node_modules\node-expat\package.json
402 silly cache add args [ 'bindings@^1.2.1', null ]
403 verbose cache add spec bindings@^1.2.1
404 silly cache add args [ 'nan@^2.1.0', null ]
405 verbose cache add spec nan@^2.1.0
406 silly cache add parsed spec Result {
406 silly cache add   raw: 'bindings@^1.2.1',
406 silly cache add   scope: null,
406 silly cache add   name: 'bindings',
406 silly cache add   rawSpec: '^1.2.1',
406 silly cache add   spec: '>=1.2.1 <2.0.0',
406 silly cache add   type: 'range' }
407 silly addNamed bindings@>=1.2.1 <2.0.0
408 verbose addNamed ">=1.2.1 <2.0.0" is a valid semver range for bindings
409 silly addNameRange { name: 'bindings', range: '>=1.2.1 <2.0.0', hasData: false }
410 silly mapToRegistry name bindings
411 silly mapToRegistry using default registry
412 silly mapToRegistry registry https://registry.npmjs.org/
413 silly mapToRegistry uri https://registry.npmjs.org/bindings
414 verbose addNameRange registry:https://registry.npmjs.org/bindings not in flight; fetching
415 silly cache add parsed spec Result {
415 silly cache add   raw: 'nan@^2.1.0',
415 silly cache add   scope: null,
415 silly cache add   name: 'nan',
415 silly cache add   rawSpec: '^2.1.0',
415 silly cache add   spec: '>=2.1.0 <3.0.0',
415 silly cache add   type: 'range' }
416 silly addNamed nan@>=2.1.0 <3.0.0
417 verbose addNamed ">=2.1.0 <3.0.0" is a valid semver range for nan
418 silly addNameRange { name: 'nan', range: '>=2.1.0 <3.0.0', hasData: false }
419 silly mapToRegistry name nan
420 silly mapToRegistry using default registry
421 silly mapToRegistry registry https://registry.npmjs.org/
422 silly mapToRegistry uri https://registry.npmjs.org/nan
423 verbose addNameRange registry:https://registry.npmjs.org/nan not in flight; fetching
424 verbose request uri https://registry.npmjs.org/bindings
425 verbose request no auth needed
426 info attempt registry request try #1 at 2:52:28 AM
427 verbose etag "2RXG5K4RRQWEOOFOAOOKVPOZR"
428 http request GET https://registry.npmjs.org/bindings
429 verbose request uri https://registry.npmjs.org/nan
430 verbose request no auth needed
431 info attempt registry request try #1 at 2:52:28 AM
432 verbose etag "7CEDVJA24M9BXRU7SU6WRSW4M"
433 http request GET https://registry.npmjs.org/nan
434 http 304 https://registry.npmjs.org/bindings
435 verbose headers { date: 'Thu, 31 Dec 2015 04:52:32 GMT',
435 verbose headers   via: '1.1 varnish',
435 verbose headers   'cache-control': 'max-age=60',
435 verbose headers   etag: '"2RXG5K4RRQWEOOFOAOOKVPOZR"',
435 verbose headers   age: '6',
435 verbose headers   connection: 'keep-alive',
435 verbose headers   'x-served-by': 'cache-iad2142-IAD',
435 verbose headers   'x-cache': 'HIT',
435 verbose headers   'x-cache-hits': '1',
435 verbose headers   'x-timer': 'S1451537552.176365,VS0,VE0',
435 verbose headers   vary: 'Accept' }
436 silly get cb [ 304,
436 silly get   { date: 'Thu, 31 Dec 2015 04:52:32 GMT',
436 silly get     via: '1.1 varnish',
436 silly get     'cache-control': 'max-age=60',
436 silly get     etag: '"2RXG5K4RRQWEOOFOAOOKVPOZR"',
436 silly get     age: '6',
436 silly get     connection: 'keep-alive',
436 silly get     'x-served-by': 'cache-iad2142-IAD',
436 silly get     'x-cache': 'HIT',
436 silly get     'x-cache-hits': '1',
436 silly get     'x-timer': 'S1451537552.176365,VS0,VE0',
436 silly get     vary: 'Accept' } ]
437 verbose etag https://registry.npmjs.org/bindings from cache
438 verbose get saving bindings to C:\Users\fcatae\AppData\Roaming\npm-cache\registry.npmjs.org\bindings\.cache.json
439 http 304 https://registry.npmjs.org/nan
440 verbose headers { date: 'Thu, 31 Dec 2015 04:52:32 GMT',
440 verbose headers   via: '1.1 varnish',
440 verbose headers   'cache-control': 'max-age=60',
440 verbose headers   etag: '"7CEDVJA24M9BXRU7SU6WRSW4M"',
440 verbose headers   age: '13',
440 verbose headers   connection: 'keep-alive',
440 verbose headers   'x-served-by': 'cache-iad2133-IAD',
440 verbose headers   'x-cache': 'HIT',
440 verbose headers   'x-cache-hits': '1',
440 verbose headers   'x-timer': 'S1451537552.182178,VS0,VE0',
440 verbose headers   vary: 'Accept' }
441 silly get cb [ 304,
441 silly get   { date: 'Thu, 31 Dec 2015 04:52:32 GMT',
441 silly get     via: '1.1 varnish',
441 silly get     'cache-control': 'max-age=60',
441 silly get     etag: '"7CEDVJA24M9BXRU7SU6WRSW4M"',
441 silly get     age: '13',
441 silly get     connection: 'keep-alive',
441 silly get     'x-served-by': 'cache-iad2133-IAD',
441 silly get     'x-cache': 'HIT',
441 silly get     'x-cache-hits': '1',
441 silly get     'x-timer': 'S1451537552.182178,VS0,VE0',
441 silly get     vary: 'Accept' } ]
442 verbose etag https://registry.npmjs.org/nan from cache
443 verbose get saving nan to C:\Users\fcatae\AppData\Roaming\npm-cache\registry.npmjs.org\nan\.cache.json
444 silly addNameRange number 2 { name: 'nan', range: '>=2.1.0 <3.0.0', hasData: true }
445 silly addNameRange versions [ 'nan',
445 silly addNameRange   [ '0.3.0-wip',
445 silly addNameRange     '0.3.0-wip2',
445 silly addNameRange     '0.3.0',
445 silly addNameRange     '0.3.1',
445 silly addNameRange     '0.3.2',
445 silly addNameRange     '0.4.0',
445 silly addNameRange     '0.4.1',
445 silly addNameRange     '0.4.2',
445 silly addNameRange     '0.4.3',
445 silly addNameRange     '0.4.4',
445 silly addNameRange     '0.5.0',
445 silly addNameRange     '0.5.1',
445 silly addNameRange     '0.5.2',
445 silly addNameRange     '0.6.0',
445 silly addNameRange     '0.7.0',
445 silly addNameRange     '0.7.1',
445 silly addNameRange     '0.8.0',
445 silly addNameRange     '1.0.0',
445 silly addNameRange     '1.1.0',
445 silly addNameRange     '1.1.1',
445 silly addNameRange     '1.1.2',
445 silly addNameRange     '1.2.0',
445 silly addNameRange     '1.3.0',
445 silly addNameRange     '1.4.0',
445 silly addNameRange     '1.4.1',
445 silly addNameRange     '1.5.0',
445 silly addNameRange     '1.4.2',
445 silly addNameRange     '1.4.3',
445 silly addNameRange     '1.5.1',
445 silly addNameRange     '1.5.2',
445 silly addNameRange     '1.6.0',
445 silly addNameRange     '1.5.3',
445 silly addNameRange     '1.6.1',
445 silly addNameRange     '1.6.2',
445 silly addNameRange     '1.7.0',
445 silly addNameRange     '1.8.0',
445 silly addNameRange     '1.8.1',
445 silly addNameRange     '1.8.2',
445 silly addNameRange     '1.8.3',
445 silly addNameRange     '1.8.4',
445 silly addNameRange     '1.9.0',
445 silly addNameRange     '2.0.0',
445 silly addNameRange     '2.0.1',
445 silly addNameRange     '2.0.2',
445 silly addNameRange     '2.0.3',
445 silly addNameRange     '2.0.4',
445 silly addNameRange     '2.0.5',
445 silly addNameRange     '2.0.6',
445 silly addNameRange     '2.0.7',
445 silly addNameRange     '2.0.8',
445 silly addNameRange     '2.0.9',
445 silly addNameRange     '2.1.0' ] ]
446 silly addNamed nan@2.1.0
447 verbose addNamed "2.1.0" is a plain semver version for nan
448 silly addNameRange number 2 { name: 'bindings', range: '>=1.2.1 <2.0.0', hasData: true }
449 silly addNameRange versions [ 'bindings',
449 silly addNameRange   [ '0.0.1',
449 silly addNameRange     '0.1.0',
449 silly addNameRange     '0.1.1',
449 silly addNameRange     '0.2.0',
449 silly addNameRange     '0.2.1',
449 silly addNameRange     '0.2.2',
449 silly addNameRange     '0.2.3',
449 silly addNameRange     '0.2.4',
449 silly addNameRange     '0.3.0',
449 silly addNameRange     '0.4.0',
449 silly addNameRange     '1.0.0',
449 silly addNameRange     '1.1.0',
449 silly addNameRange     '1.1.1',
449 silly addNameRange     '1.2.0',
449 silly addNameRange     '1.2.1' ] ]
450 silly addNamed bindings@1.2.1
451 verbose addNamed "1.2.1" is a plain semver version for bindings
452 silly cache afterAdd nan@2.1.0
453 verbose afterAdd C:\Users\fcatae\AppData\Roaming\npm-cache\nan\2.1.0\package\package.json not in flight; writing
454 silly cache afterAdd bindings@1.2.1
455 verbose afterAdd C:\Users\fcatae\AppData\Roaming\npm-cache\bindings\1.2.1\package\package.json not in flight; writing
456 verbose afterAdd C:\Users\fcatae\AppData\Roaming\npm-cache\nan\2.1.0\package\package.json written
457 verbose afterAdd C:\Users\fcatae\AppData\Roaming\npm-cache\bindings\1.2.1\package\package.json written
458 silly install resolved [ { name: 'nan',
458 silly install resolved     version: '2.1.0',
458 silly install resolved     description: 'Native Abstractions for Node.js: C++ header for Node 0.8 -> 4 compatibility',
458 silly install resolved     main: 'include_dirs.js',
458 silly install resolved     repository: { type: 'git', url: 'git://github.com/nodejs/nan.git' },
458 silly install resolved     scripts:
458 silly install resolved      { test: 'tap --gc test/js/*-test.js',
458 silly install resolved        'rebuild-tests': 'node-gyp rebuild --msvs_version=2013 --directory test',
458 silly install resolved        docs: 'doc/.build.sh' },
458 silly install resolved     contributors:
458 silly install resolved      [ [Object],
458 silly install resolved        [Object],
458 silly install resolved        [Object],
458 silly install resolved        [Object],
458 silly install resolved        [Object],
458 silly install resolved        [Object],
458 silly install resolved        [Object] ],
458 silly install resolved     devDependencies:
458 silly install resolved      { bindings: '~1.2.1',
458 silly install resolved        commander: '^2.8.1',
458 silly install resolved        glob: '^5.0.14',
458 silly install resolved        'node-gyp': '~3.0.1',
458 silly install resolved        tap: '~0.7.1',
458 silly install resolved        xtend: '~4.0.0' },
458 silly install resolved     license: 'MIT',
458 silly install resolved     bugs: { url: 'https://github.com/nodejs/nan/issues' },
458 silly install resolved     homepage: 'https://github.com/nodejs/nan#readme',
458 silly install resolved     _id: 'nan@2.1.0',
458 silly install resolved     _shasum: '020a7ccedc63fdee85f85967d5607849e74abbe8',
458 silly install resolved     _resolved: 'https://registry.npmjs.org/nan/-/nan-2.1.0.tgz',
458 silly install resolved     _from: 'nan@>=2.1.0 <3.0.0',
458 silly install resolved     _npmVersion: '3.3.5',
458 silly install resolved     _nodeVersion: '4.1.2',
458 silly install resolved     _npmUser: { name: 'kkoopa', email: 'bbyholm@abo.fi' },
458 silly install resolved     dist:
458 silly install resolved      { shasum: '020a7ccedc63fdee85f85967d5607849e74abbe8',
458 silly install resolved        tarball: 'http://registry.npmjs.org/nan/-/nan-2.1.0.tgz' },
458 silly install resolved     maintainers: [ [Object], [Object] ],
458 silly install resolved     directories: {},
458 silly install resolved     readme: 'ERROR: No README data found!' },
458 silly install resolved   { name: 'bindings',
458 silly install resolved     description: 'Helper module for loading your native module\'s .node file',
458 silly install resolved     keywords: [ 'native', 'addon', 'bindings', 'gyp', 'waf', 'c', 'c++' ],
458 silly install resolved     version: '1.2.1',
458 silly install resolved     author:
458 silly install resolved      { name: 'Nathan Rajlich',
458 silly install resolved        email: 'nathan@tootallnate.net',
458 silly install resolved        url: 'http://tootallnate.net' },
458 silly install resolved     repository:
458 silly install resolved      { type: 'git',
458 silly install resolved        url: 'git://github.com/TooTallNate/node-bindings.git' },
458 silly install resolved     main: './bindings.js',
458 silly install resolved     bugs: { url: 'https://github.com/TooTallNate/node-bindings/issues' },
458 silly install resolved     homepage: 'https://github.com/TooTallNate/node-bindings',
458 silly install resolved     license: 'MIT',
458 silly install resolved     gitHead: 'e404152ee27f8478ccbc7122ee051246e8e5ec02',
458 silly install resolved     _id: 'bindings@1.2.1',
458 silly install resolved     scripts: {},
458 silly install resolved     _shasum: '14ad6113812d2d37d72e67b4cacb4bb726505f11',
458 silly install resolved     _from: 'bindings@>=1.2.1 <2.0.0',
458 silly install resolved     _npmVersion: '1.4.14',
458 silly install resolved     _npmUser: { name: 'tootallnate', email: 'nathan@tootallnate.net' },
458 silly install resolved     maintainers: [ [Object], [Object] ],
458 silly install resolved     dist:
458 silly install resolved      { shasum: '14ad6113812d2d37d72e67b4cacb4bb726505f11',
458 silly install resolved        tarball: 'http://registry.npmjs.org/bindings/-/bindings-1.2.1.tgz' },
458 silly install resolved     directories: {},
458 silly install resolved     _resolved: 'https://registry.npmjs.org/bindings/-/bindings-1.2.1.tgz',
458 silly install resolved     readme: 'ERROR: No README data found!' } ]
459 info install nan@2.1.0 into c:\Users\fcatae\node_modules\node-expat
460 info install bindings@1.2.1 into c:\Users\fcatae\node_modules\node-expat
461 info installOne nan@2.1.0
462 verbose installOne of nan to c:\Users\fcatae\node_modules\node-expat not in flight; installing
463 info installOne bindings@1.2.1
464 verbose installOne of bindings to c:\Users\fcatae\node_modules\node-expat not in flight; installing
465 verbose lock using C:\Users\fcatae\AppData\Roaming\npm-cache\_locks\nan-926d4ac645e03362.lock for c:\Users\fcatae\node_modules\node-expat\node_modules\nan
466 silly install write writing nan 2.1.0 to c:\Users\fcatae\node_modules\node-expat\node_modules\nan
467 verbose lock using C:\Users\fcatae\AppData\Roaming\npm-cache\_locks\bindings-fe1d440745e56528.lock for c:\Users\fcatae\node_modules\node-expat\node_modules\bindings
468 silly install write writing bindings 1.2.1 to c:\Users\fcatae\node_modules\node-expat\node_modules\bindings
469 verbose unbuild node_modules\node-expat\node_modules\nan
470 silly gentlyRm c:\Users\fcatae\node_modules\node-expat\node_modules\nan is being purged from base c:\Users\fcatae
471 verbose gentlyRm don't care about contents; nuking c:\Users\fcatae\node_modules\node-expat\node_modules\nan
472 verbose unbuild node_modules\node-expat\node_modules\bindings
473 verbose tar unpack C:\Users\fcatae\AppData\Roaming\npm-cache\nan\2.1.0\package.tgz
474 verbose tar unpacking to c:\Users\fcatae\node_modules\node-expat\node_modules\nan
475 silly gentlyRm c:\Users\fcatae\node_modules\node-expat\node_modules\nan is being purged
476 verbose gentlyRm don't care about contents; nuking c:\Users\fcatae\node_modules\node-expat\node_modules\nan
477 silly gunzTarPerm modes [ '777', '666' ]
478 silly gentlyRm c:\Users\fcatae\node_modules\node-expat\node_modules\bindings is being purged from base c:\Users\fcatae
479 verbose gentlyRm don't care about contents; nuking c:\Users\fcatae\node_modules\node-expat\node_modules\bindings
480 verbose tar unpack C:\Users\fcatae\AppData\Roaming\npm-cache\bindings\1.2.1\package.tgz
481 verbose tar unpacking to c:\Users\fcatae\node_modules\node-expat\node_modules\bindings
482 silly gentlyRm c:\Users\fcatae\node_modules\node-expat\node_modules\bindings is being purged
483 verbose gentlyRm don't care about contents; nuking c:\Users\fcatae\node_modules\node-expat\node_modules\bindings
484 silly gunzTarPerm modes [ '777', '666' ]
485 silly gunzTarPerm extractEntry package.json
486 silly gunzTarPerm modified mode [ 'package.json', 436, 438 ]
487 silly gunzTarPerm extractEntry package.json
488 silly gunzTarPerm modified mode [ 'package.json', 420, 438 ]
489 silly gunzTarPerm extractEntry README.md
490 silly gunzTarPerm modified mode [ 'README.md', 436, 438 ]
491 silly gunzTarPerm extractEntry include_dirs.js
492 silly gunzTarPerm modified mode [ 'include_dirs.js', 436, 438 ]
493 silly gunzTarPerm extractEntry README.md
494 silly gunzTarPerm modified mode [ 'README.md', 420, 438 ]
495 silly gunzTarPerm extractEntry bindings.js
496 silly gunzTarPerm modified mode [ 'bindings.js', 420, 438 ]
497 silly gunzTarPerm extractEntry nan_converters.h
498 silly gunzTarPerm modified mode [ 'nan_converters.h', 436, 438 ]
499 silly gunzTarPerm extractEntry LICENSE.md
500 silly gunzTarPerm modified mode [ 'LICENSE.md', 436, 438 ]
501 silly gunzTarPerm extractEntry .dntrc
502 silly gunzTarPerm modified mode [ '.dntrc', 436, 438 ]
503 silly gunzTarPerm extractEntry appveyor.yml
504 silly gunzTarPerm modified mode [ 'appveyor.yml', 436, 438 ]
505 silly gunzTarPerm extractEntry doc/new.md
506 silly gunzTarPerm modified mode [ 'doc/new.md', 436, 438 ]
507 silly gunzTarPerm extractEntry doc/.build.sh
508 silly gunzTarPerm modified mode [ 'doc/.build.sh', 509, 511 ]
509 silly gunzTarPerm extractEntry doc/buffers.md
510 silly gunzTarPerm modified mode [ 'doc/buffers.md', 436, 438 ]
511 silly gunzTarPerm extractEntry doc/callback.md
512 silly gunzTarPerm modified mode [ 'doc/callback.md', 436, 438 ]
513 verbose write writing to c:\Users\fcatae\node_modules\node-expat\node_modules\bindings\package.json
514 info preinstall bindings@1.2.1
515 silly gunzTarPerm extractEntry doc/converters.md
516 silly gunzTarPerm modified mode [ 'doc/converters.md', 436, 438 ]
517 silly gunzTarPerm extractEntry doc/errors.md
518 silly gunzTarPerm modified mode [ 'doc/errors.md', 436, 438 ]
519 verbose readDependencies loading dependencies from c:\Users\fcatae\node_modules\node-expat\node_modules\bindings\package.json
520 verbose readDependencies loading dependencies from c:\Users\fcatae\node_modules\node-expat\node_modules\bindings\package.json
521 silly gunzTarPerm extractEntry doc/maybe_types.md
522 silly gunzTarPerm modified mode [ 'doc/maybe_types.md', 436, 438 ]
523 silly gunzTarPerm extractEntry doc/methods.md
524 silly gunzTarPerm modified mode [ 'doc/methods.md', 436, 438 ]
525 silly install resolved []
526 verbose about to build c:\Users\fcatae\node_modules\node-expat\node_modules\bindings
527 info build c:\Users\fcatae\node_modules\node-expat\node_modules\bindings
528 info linkStuff bindings@1.2.1
529 silly linkStuff bindings@1.2.1 has c:\Users\fcatae\node_modules\node-expat\node_modules as its parent node_modules
530 verbose linkBins bindings@1.2.1
531 verbose linkMans bindings@1.2.1
532 verbose rebuildBundles bindings@1.2.1
533 info install bindings@1.2.1
534 silly gunzTarPerm extractEntry doc/asyncworker.md
535 silly gunzTarPerm modified mode [ 'doc/asyncworker.md', 436, 438 ]
536 silly gunzTarPerm extractEntry doc/node_misc.md
537 silly gunzTarPerm modified mode [ 'doc/node_misc.md', 436, 438 ]
538 info postinstall bindings@1.2.1
539 verbose unlock done using C:\Users\fcatae\AppData\Roaming\npm-cache\_locks\bindings-fe1d440745e56528.lock for c:\Users\fcatae\node_modules\node-expat\node_modules\bindings
540 silly gunzTarPerm extractEntry doc/persistent.md
541 silly gunzTarPerm modified mode [ 'doc/persistent.md', 436, 438 ]
542 silly gunzTarPerm extractEntry doc/scopes.md
543 silly gunzTarPerm modified mode [ 'doc/scopes.md', 436, 438 ]
544 silly gunzTarPerm extractEntry doc/script.md
545 silly gunzTarPerm modified mode [ 'doc/script.md', 436, 438 ]
546 silly gunzTarPerm extractEntry doc/string_bytes.md
547 silly gunzTarPerm modified mode [ 'doc/string_bytes.md', 436, 438 ]
548 silly gunzTarPerm extractEntry doc/v8_internals.md
549 silly gunzTarPerm modified mode [ 'doc/v8_internals.md', 436, 438 ]
550 silly gunzTarPerm extractEntry doc/v8_misc.md
551 silly gunzTarPerm modified mode [ 'doc/v8_misc.md', 436, 438 ]
552 silly gunzTarPerm extractEntry nan.h
553 silly gunzTarPerm modified mode [ 'nan.h', 436, 438 ]
554 silly gunzTarPerm extractEntry nan_callbacks.h
555 silly gunzTarPerm modified mode [ 'nan_callbacks.h', 436, 438 ]
556 silly gunzTarPerm extractEntry nan_callbacks_12_inl.h
557 silly gunzTarPerm modified mode [ 'nan_callbacks_12_inl.h', 436, 438 ]
558 silly gunzTarPerm extractEntry nan_callbacks_pre_12_inl.h
559 silly gunzTarPerm modified mode [ 'nan_callbacks_pre_12_inl.h', 436, 438 ]
560 silly gunzTarPerm extractEntry nan_converters_43_inl.h
561 silly gunzTarPerm modified mode [ 'nan_converters_43_inl.h', 436, 438 ]
562 silly gunzTarPerm extractEntry nan_converters_pre_43_inl.h
563 silly gunzTarPerm modified mode [ 'nan_converters_pre_43_inl.h', 436, 438 ]
564 silly gunzTarPerm extractEntry nan_implementation_12_inl.h
565 silly gunzTarPerm modified mode [ 'nan_implementation_12_inl.h', 436, 438 ]
566 silly gunzTarPerm extractEntry nan_implementation_pre_12_inl.h
567 silly gunzTarPerm modified mode [ 'nan_implementation_pre_12_inl.h', 436, 438 ]
568 silly gunzTarPerm extractEntry nan_maybe_43_inl.h
569 silly gunzTarPerm modified mode [ 'nan_maybe_43_inl.h', 436, 438 ]
570 silly gunzTarPerm extractEntry nan_maybe_pre_43_inl.h
571 silly gunzTarPerm modified mode [ 'nan_maybe_pre_43_inl.h', 436, 438 ]
572 silly gunzTarPerm extractEntry nan_new.h
573 silly gunzTarPerm modified mode [ 'nan_new.h', 436, 438 ]
574 silly gunzTarPerm extractEntry nan_object_wrap.h
575 silly gunzTarPerm modified mode [ 'nan_object_wrap.h', 436, 438 ]
576 silly gunzTarPerm extractEntry nan_persistent_12_inl.h
577 silly gunzTarPerm modified mode [ 'nan_persistent_12_inl.h', 436, 438 ]
578 silly gunzTarPerm extractEntry nan_persistent_pre_12_inl.h
579 silly gunzTarPerm modified mode [ 'nan_persistent_pre_12_inl.h', 436, 438 ]
580 silly gunzTarPerm extractEntry nan_string_bytes.h
581 silly gunzTarPerm modified mode [ 'nan_string_bytes.h', 436, 438 ]
582 silly gunzTarPerm extractEntry nan_typedarray_contents.h
583 silly gunzTarPerm modified mode [ 'nan_typedarray_contents.h', 436, 438 ]
584 silly gunzTarPerm extractEntry nan_weak.h
585 silly gunzTarPerm modified mode [ 'nan_weak.h', 436, 438 ]
586 silly gunzTarPerm extractEntry CHANGELOG.md
587 silly gunzTarPerm modified mode [ 'CHANGELOG.md', 436, 438 ]
588 silly gunzTarPerm extractEntry tools/package.json
589 silly gunzTarPerm modified mode [ 'tools/package.json', 436, 438 ]
590 silly gunzTarPerm extractEntry tools/README.md
591 silly gunzTarPerm modified mode [ 'tools/README.md', 436, 438 ]
592 silly gunzTarPerm extractEntry tools/1to2.js
593 silly gunzTarPerm modified mode [ 'tools/1to2.js', 509, 511 ]
594 verbose write writing to c:\Users\fcatae\node_modules\node-expat\node_modules\nan\package.json
595 info preinstall nan@2.1.0
596 verbose readDependencies loading dependencies from c:\Users\fcatae\node_modules\node-expat\node_modules\nan\package.json
597 verbose readDependencies loading dependencies from c:\Users\fcatae\node_modules\node-expat\node_modules\nan\package.json
598 silly install resolved []
599 verbose about to build c:\Users\fcatae\node_modules\node-expat\node_modules\nan
600 info build c:\Users\fcatae\node_modules\node-expat\node_modules\nan
601 info linkStuff nan@2.1.0
602 silly linkStuff nan@2.1.0 has c:\Users\fcatae\node_modules\node-expat\node_modules as its parent node_modules
603 verbose linkBins nan@2.1.0
604 verbose linkMans nan@2.1.0
605 verbose rebuildBundles nan@2.1.0
606 info install nan@2.1.0
607 info postinstall nan@2.1.0
608 verbose unlock done using C:\Users\fcatae\AppData\Roaming\npm-cache\_locks\nan-926d4ac645e03362.lock for c:\Users\fcatae\node_modules\node-expat\node_modules\nan
609 verbose about to build c:\Users\fcatae\node_modules\node-expat
610 info build c:\Users\fcatae\node_modules\node-expat
611 info linkStuff node-expat@2.3.12
612 silly linkStuff node-expat@2.3.12 has c:\Users\fcatae\node_modules as its parent node_modules
613 verbose linkBins node-expat@2.3.12
614 verbose linkMans node-expat@2.3.12
615 verbose rebuildBundles node-expat@2.3.12
616 verbose rebuildBundles [ 'bindings', 'nan' ]
617 info install node-expat@2.3.12
618 verbose unsafe-perm in lifecycle true
619 info node-expat@2.3.12 Failed to exec install script
620 verbose unlock done using C:\Users\fcatae\AppData\Roaming\npm-cache\_locks\node-expat-d1f1161c4d81f667.lock for c:\Users\fcatae\node_modules\node-expat
621 verbose stack Error: node-expat@2.3.12 install: `node-gyp rebuild`
621 verbose stack Exit status 1
621 verbose stack     at EventEmitter.<anonymous> (C:\Program Files\nodejs\node_modules\npm\lib\utils\lifecycle.js:214:16)
621 verbose stack     at emitTwo (events.js:87:13)
621 verbose stack     at EventEmitter.emit (events.js:172:7)
621 verbose stack     at ChildProcess.<anonymous> (C:\Program Files\nodejs\node_modules\npm\lib\utils\spawn.js:24:14)
621 verbose stack     at emitTwo (events.js:87:13)
621 verbose stack     at ChildProcess.emit (events.js:172:7)
621 verbose stack     at maybeClose (internal/child_process.js:818:16)
621 verbose stack     at Process.ChildProcess._handle.onexit (internal/child_process.js:211:5)
622 verbose pkgid node-expat@2.3.12
623 verbose cwd c:\Users\fcatae\Desktop\backupHtml
624 error Windows_NT 10.0.10240
625 error argv "C:\\Program Files\\nodejs\\node.exe" "C:\\Program Files\\nodejs\\node_modules\\npm\\bin\\npm-cli.js" "install" "node-expat"
626 error node v4.2.4
627 error npm  v2.14.12
628 error code ELIFECYCLE
629 error node-expat@2.3.12 install: `node-gyp rebuild`
629 error Exit status 1
630 error Failed at the node-expat@2.3.12 install script 'node-gyp rebuild'.
630 error This is most likely a problem with the node-expat package,
630 error not with npm itself.
630 error Tell the author that this fails on your system:
630 error     node-gyp rebuild
630 error You can get their info via:
630 error     npm owner ls node-expat
630 error There is likely additional logging output above.
631 verbose exit [ 1, true ]
632 verbose unbuild node_modules\node-expat
633 info preuninstall node-expat@2.3.12
634 info uninstall node-expat@2.3.12
635 verbose unbuild rmStuff node-expat@2.3.12 from c:\Users\fcatae\node_modules
636 info postuninstall node-expat@2.3.12
637 silly gentlyRm c:\Users\fcatae\node_modules\node-expat is being purged from base c:\Users\fcatae
638 verbose gentlyRm don't care about contents; nuking c:\Users\fcatae\node_modules\node-expat
639 silly vacuum-fs purging c:\Users\fcatae\node_modules\node-expat
640 silly vacuum-fs quitting because other entries in c:\Users\fcatae\node_modules
